<?xml version="1.0" encoding="UTF-8"?>
<testsuite xmlns:xsi="http://www.w3.org/2001/XMLSchema-instance" xsi:noNamespaceSchemaLocation="https://maven.apache.org/surefire/maven-surefire-plugin/xsd/surefire-test-report-3.0.xsd" version="3.0" name="testcases.LoginTest" time="67.925" tests="2" errors="0" skipped="0" failures="0">
  <properties>
[...]
</properties>
  <testcase name="LogiFailureTest" classname="testcases.LoginTest" time="14.623">
    <system-out><![CDATA[The email or password you have entered is invalid.
]]></system-out>
    <system-err><![CDATA[SLF4J: Failed to load class "org.slf4j.impl.StaticLoggerBinder".
SLF4J: Defaulting to no-operation (NOP) logger implementation
SLF4J: See http://www.slf4j.org/codes.html#StaticLoggerBinder for further details.
1716129944369	geckodriver	INFO	Listening on 127.0.0.1:41305
1716129945111	mozrunner::runner	INFO	Running command: "C:\\Program Files\\Mozilla Firefox\\firefox.exe" "--marionette" "-no-remote" "-profile" "C:\\Users\\lenovo\\AppData\\Local\\Temp\\rust_mozprofileouzoij"
console.warn: services.settings: Ignoring preference override of remote settings server
console.warn: services.settings: Allow by setting MOZ_REMOTE_SETTINGS_DEVTOOLS=1 in the environment
1716129946883	Marionette	INFO	Marionette enabled
Dynamically enable window occlusion 0
1716129947350	Marionette	INFO	Listening on port 56280
Read port: 56280
1716129948399	RemoteAgent	WARN	TLS certificate errors will be ignored for this session
May 19, 2024 8:15:55 PM org.openqa.selenium.remote.ProtocolHandshake createSession
INFO: Detected dialect: W3C
1716129963284	Marionette	WARN	Ignoring event 'DOMContentLoaded' because document has an invalid readyState of 'complete'.
JavaScript warning: https://accounts.simplilearn.com/user/login?redirect_url=https%3A%2F%2Flms.simplilearn.com%2F, line 843: unreachable code after return statement
1716129966860	Marionette	WARN	Ignoring event 'pageshow' because document has an invalid readyState of 'interactive'.
JavaScript error: https://cfaccounts.simplilearn.com/core/js/utility.1715843369.js, line 71: SyntaxError: JSON.parse: unexpected character at line 1 column 1 of the JSON data
console.warn: LoginRecipes: "Falling back to a synchronous message for: https://accounts.simplilearn.com."
JavaScript warning: https://accounts.simplilearn.com/user/login?redirect_url=https%3A%2F%2Flms.simplilearn.com%2F, line 843: unreachable code after return statement
JavaScript warning: https://service.force.com/embeddedservice/5.0/frame/chasitor.esw.min.js, line 5: Script terminated by timeout at:
e/<@https://service.force.com/embeddedservice/5.0/frame/chasitor.esw.min.js:5:68

1716129972847	Marionette	WARN	Ignoring event 'pageshow' because document has an invalid readyState of 'interactive'.
JavaScript error: https://cfaccounts.simplilearn.com/core/js/utility.1715843369.js, line 71: SyntaxError: JSON.parse: unexpected character at line 1 column 1 of the JSON data
]]></system-err>
  </testcase>
  <testcase name="LoginSuccessTest" classname="testcases.LoginTest" time="13.717">
    <system-err><![CDATA[1716129974861	Marionette	INFO	Stopped listening on port 56280
Dynamically enable window occlusion 1
1716129978257	geckodriver	INFO	Listening on 127.0.0.1:31688
1716129978288	mozrunner::runner	INFO	Running command: "C:\\Program Files\\Mozilla Firefox\\firefox.exe" "--marionette" "-no-remote" "-profile" "C:\\Users\\lenovo\\AppData\\Local\\Temp\\rust_mozprofileKoID1O"
console.warn: services.settings: Ignoring preference override of remote settings server
console.warn: services.settings: Allow by setting MOZ_REMOTE_SETTINGS_DEVTOOLS=1 in the environment
1716129979344	Marionette	INFO	Marionette enabled
Dynamically enable window occlusion 0
1716129979701	Marionette	INFO	Listening on port 56467
Read port: 56467
1716129980340	RemoteAgent	WARN	TLS certificate errors will be ignored for this session
May 19, 2024 8:16:24 PM org.openqa.selenium.remote.ProtocolHandshake createSession
INFO: Detected dialect: W3C
1716129991871	Marionette	WARN	Ignoring event 'DOMContentLoaded' because document has an invalid readyState of 'complete'.
JavaScript warning: https://accounts.simplilearn.com/user/login?redirect_url=https%3A%2F%2Flms.simplilearn.com%2F, line 843: unreachable code after return statement
1716129994919	Marionette	WARN	Ignoring event 'pageshow' because document has an invalid readyState of 'interactive'.
JavaScript error: https://cfaccounts.simplilearn.com/core/js/utility.1715843369.js, line 71: SyntaxError: JSON.parse: unexpected character at line 1 column 1 of the JSON data
console.warn: LoginRecipes: "Falling back to a synchronous message for: https://accounts.simplilearn.com."
JavaScript warning: https://accounts.simplilearn.com/user/login?redirect_url=https%3A%2F%2Flms.simplilearn.com%2F, line 843: unreachable code after return statement
JavaScript warning: https://service.force.com/embeddedservice/5.0/frame/chasitor.esw.min.js, line 5: Script terminated by timeout at:
e/<@https://service.force.com/embeddedservice/5.0/frame/chasitor.esw.min.js:5:68

1716130000895	Marionette	WARN	Ignoring event 'pageshow' because document has an invalid readyState of 'interactive'.
JavaScript error: https://cfaccounts.simplilearn.com/core/js/utility.1715843369.js, line 71: SyntaxError: JSON.parse: unexpected character at line 1 column 1 of the JSON data
]]></system-err>
  </testcase>
</testsuite>