<?xml version="1.0" encoding="UTF-8"?>
<testng-results ignored="0" total="2" passed="2" failed="0" skipped="0">
  <reporter-output>
  </reporter-output>
  <suite started-at="2024-05-19T20:15:42 IST" name="Surefire suite" finished-at="2024-05-19T20:16:46 IST" duration-ms="64521">
    <groups>
    </groups>
    <test started-at="2024-05-19T20:15:42 IST" name="Surefire test" finished-at="2024-05-19T20:16:46 IST" duration-ms="64521">
      <class name="testcases.LoginTest">
        <test-method is-config="true" signature="SetUp()[pri:0, instance:testcases.LoginTest@2e1d27ba]" started-at="2024-05-19T20:15:42 IST" name="SetUp" finished-at="2024-05-19T20:16:00 IST" duration-ms="17746" status="PASS">
          <reporter-output>
          </reporter-output>
        </test-method> <!-- SetUp -->
        <test-method signature="LogiFailureTest()[pri:0, instance:testcases.LoginTest@2e1d27ba]" started-at="2024-05-19T20:16:00 IST" name="LogiFailureTest" finished-at="2024-05-19T20:16:14 IST" duration-ms="14613" status="PASS">
          <reporter-output>
          </reporter-output>
        </test-method> <!-- LogiFailureTest -->
        <test-method is-config="true" signature="QuitBrowser()[pri:0, instance:testcases.LoginTest@2e1d27ba]" started-at="2024-05-19T20:16:14 IST" name="QuitBrowser" finished-at="2024-05-19T20:16:18 IST" duration-ms="3243" status="PASS">
          <reporter-output>
          </reporter-output>
        </test-method> <!-- QuitBrowser -->
        <test-method is-config="true" signature="SetUp()[pri:0, instance:testcases.LoginTest@2e1d27ba]" started-at="2024-05-19T20:16:18 IST" name="SetUp" finished-at="2024-05-19T20:16:29 IST" duration-ms="11155" status="PASS">
          <reporter-output>
          </reporter-output>
        </test-method> <!-- SetUp -->
        <test-method signature="LoginSuccessTest()[pri:0, instance:testcases.LoginTest@2e1d27ba]" started-at="2024-05-19T20:16:29 IST" name="LoginSuccessTest" finished-at="2024-05-19T20:16:42 IST" duration-ms="13717" status="PASS">
          <reporter-output>
          </reporter-output>
        </test-method> <!-- LoginSuccessTest -->
        <test-method is-config="true" signature="QuitBrowser()[pri:0, instance:testcases.LoginTest@2e1d27ba]" started-at="2024-05-19T20:16:42 IST" name="QuitBrowser" finished-at="2024-05-19T20:16:46 IST" duration-ms="3818" status="PASS">
          <reporter-output>
          </reporter-output>
        </test-method> <!-- QuitBrowser -->
      </class> <!-- testcases.LoginTest -->
    </test> <!-- Surefire test -->
  </suite> <!-- Surefire suite -->
</testng-results>
